E:\SOFTWARE PROJECTS\INSTANTMESSANGERPROJECT\INSTANTMESSANGERPROJECT\DEBUG\VC110.PDB
E:\SOFTWARE PROJECTS\INSTANTMESSANGERPROJECT\INSTANTMESSANGERPROJECT\DEBUG\MAINSOURCE.OBJ
E:\SOFTWARE PROJECTS\INSTANTMESSANGERPROJECT\DEBUG\INSTANTMESSANGERPROJECT.ILK
E:\SOFTWARE PROJECTS\INSTANTMESSANGERPROJECT\DEBUG\INSTANTMESSANGERPROJECT.EXE
E:\SOFTWARE PROJECTS\INSTANTMESSANGERPROJECT\DEBUG\INSTANTMESSANGERPROJECT.PDB
E:\Software Projects\InstantMessangerProject\InstantMessangerProject\Debug\mainSource.obj
E:\Software Projects\InstantMessangerProject\InstantMessangerProject\Debug\cl.command.1.tlog
E:\Software Projects\InstantMessangerProject\InstantMessangerProject\Debug\CL.read.1.tlog
E:\Software Projects\InstantMessangerProject\InstantMessangerProject\Debug\CL.write.1.tlog
E:\Software Projects\InstantMessangerProject\InstantMessangerProject\Debug\link-cvtres.read.1.tlog
E:\Software Projects\InstantMessangerProject\InstantMessangerProject\Debug\link-cvtres.write.1.tlog
E:\Software Projects\InstantMessangerProject\InstantMessangerProject\Debug\link-rc.read.1.tlog
E:\Software Projects\InstantMessangerProject\InstantMessangerProject\Debug\link-rc.write.1.tlog
E:\Software Projects\InstantMessangerProject\InstantMessangerProject\Debug\link.4484-cvtres.read.1.tlog
E:\Software Projects\InstantMessangerProject\InstantMessangerProject\Debug\link.4484-cvtres.write.1.tlog
E:\Software Projects\InstantMessangerProject\InstantMessangerProject\Debug\link.4484-rc.read.1.tlog
E:\Software Projects\InstantMessangerProject\InstantMessangerProject\Debug\link.4484-rc.write.1.tlog
E:\Software Projects\InstantMessangerProject\InstantMessangerProject\Debug\link.4484.read.1.tlog
E:\Software Projects\InstantMessangerProject\InstantMessangerProject\Debug\link.4484.write.1.tlog
E:\Software Projects\InstantMessangerProject\InstantMessangerProject\Debug\link.6536-cvtres.read.1.tlog
E:\Software Projects\InstantMessangerProject\InstantMessangerProject\Debug\link.6536-cvtres.write.1.tlog
E:\Software Projects\InstantMessangerProject\InstantMessangerProject\Debug\link.6536-rc.read.1.tlog
E:\Software Projects\InstantMessangerProject\InstantMessangerProject\Debug\link.6536-rc.write.1.tlog
E:\Software Projects\InstantMessangerProject\InstantMessangerProject\Debug\link.6536.read.1.tlog
E:\Software Projects\InstantMessangerProject\InstantMessangerProject\Debug\link.6536.write.1.tlog
E:\Software Projects\InstantMessangerProject\InstantMessangerProject\Debug\link.6684-cvtres.read.1.tlog
E:\Software Projects\InstantMessangerProject\InstantMessangerProject\Debug\link.6684-cvtres.write.1.tlog
E:\Software Projects\InstantMessangerProject\InstantMessangerProject\Debug\link.6684-rc.read.1.tlog
E:\Software Projects\InstantMessangerProject\InstantMessangerProject\Debug\link.6684-rc.write.1.tlog
E:\Software Projects\InstantMessangerProject\InstantMessangerProject\Debug\link.6684.read.1.tlog
E:\Software Projects\InstantMessangerProject\InstantMessangerProject\Debug\link.6684.write.1.tlog
E:\Software Projects\InstantMessangerProject\InstantMessangerProject\Debug\link.68-cvtres.read.1.tlog
E:\Software Projects\InstantMessangerProject\InstantMessangerProject\Debug\link.68-cvtres.write.1.tlog
E:\Software Projects\InstantMessangerProject\InstantMessangerProject\Debug\link.68-rc.read.1.tlog
E:\Software Projects\InstantMessangerProject\InstantMessangerProject\Debug\link.68-rc.write.1.tlog
E:\Software Projects\InstantMessangerProject\InstantMessangerProject\Debug\link.68.read.1.tlog
E:\Software Projects\InstantMessangerProject\InstantMessangerProject\Debug\link.68.write.1.tlog
E:\Software Projects\InstantMessangerProject\InstantMessangerProject\Debug\link.7616-cvtres.read.1.tlog
E:\Software Projects\InstantMessangerProject\InstantMessangerProject\Debug\link.7616-cvtres.write.1.tlog
E:\Software Projects\InstantMessangerProject\InstantMessangerProject\Debug\link.7616-rc.read.1.tlog
E:\Software Projects\InstantMessangerProject\InstantMessangerProject\Debug\link.7616-rc.write.1.tlog
E:\Software Projects\InstantMessangerProject\InstantMessangerProject\Debug\link.7616.read.1.tlog
E:\Software Projects\InstantMessangerProject\InstantMessangerProject\Debug\link.7616.write.1.tlog
E:\Software Projects\InstantMessangerProject\InstantMessangerProject\Debug\link.7896-cvtres.read.1.tlog
E:\Software Projects\InstantMessangerProject\InstantMessangerProject\Debug\link.7896-cvtres.write.1.tlog
E:\Software Projects\InstantMessangerProject\InstantMessangerProject\Debug\link.7896-rc.read.1.tlog
E:\Software Projects\InstantMessangerProject\InstantMessangerProject\Debug\link.7896-rc.write.1.tlog
E:\Software Projects\InstantMessangerProject\InstantMessangerProject\Debug\link.7896.read.1.tlog
E:\Software Projects\InstantMessangerProject\InstantMessangerProject\Debug\link.7896.write.1.tlog
E:\Software Projects\InstantMessangerProject\InstantMessangerProject\Debug\link.9008-cvtres.read.1.tlog
E:\Software Projects\InstantMessangerProject\InstantMessangerProject\Debug\link.9008-cvtres.write.1.tlog
E:\Software Projects\InstantMessangerProject\InstantMessangerProject\Debug\link.9008-rc.read.1.tlog
E:\Software Projects\InstantMessangerProject\InstantMessangerProject\Debug\link.9008-rc.write.1.tlog
E:\Software Projects\InstantMessangerProject\InstantMessangerProject\Debug\link.9008.read.1.tlog
E:\Software Projects\InstantMessangerProject\InstantMessangerProject\Debug\link.9008.write.1.tlog
E:\Software Projects\InstantMessangerProject\InstantMessangerProject\Debug\link.command.1.tlog
E:\Software Projects\InstantMessangerProject\InstantMessangerProject\Debug\link.read.1.tlog
E:\Software Projects\InstantMessangerProject\InstantMessangerProject\Debug\link.write.1.tlog
E:\Software Projects\InstantMessangerProject\InstantMessangerProject\Debug\vc110.idb
E:\Software Projects\InstantMessangerProject\InstantMessangerProject\Debug\vc110.pdb
E:\Software Projects\InstantMessangerProject\Debug\InstantMessangerProject.pdb
E:\Software Projects\InstantMessangerProject\Debug\InstantMessangerProject.exe
E:\Software Projects\InstantMessangerProject\Debug\InstantMessangerProject.ilk
